*** starting build of parser demo
*** Build and test the driver programs
*** Running tests
*** end of driver tests
*** Building Parser
*** Running parser test (testok1.pas)

________________________________________________________
 THE PROGRAM TEXT
________________________________________________________
program testok1(input, output);  
var A, B, C: integer;  

begin
A := B + C * 2  
end.
$
________________________________________________________
 THE SYMBOL TABLE
________________________________________________________
       NAME       ROLE       TYPE      SIZE      ADDR     
________________________________________________________
 testok1   program   program        12         0
       A       var   integer         4         0
       B       var   integer         4         4
       C       var   integer         4         8
________________________________________________________
 STATIC STORAGE REQUIRED is 12 BYTES
________________________________________________________
 
 Parse Successful! 
*** End of parser test
*** Running all tests (testall.sh)
*** End of all tests
